VolumeControlPlugin Windows MSVC Build Log (20250503_180214)
====================================================

[0;34m=============================================[0m
[0;34m=============================================[0m
[0;34m  VolumeControlPlugin Windows MSVC Build Script   [0m
[0;34m  VolumeControlPlugin Windows MSVC Build Script   [0m
[0;34m=============================================[0m
[0;34m=============================================[0m
[0;34m[INFO][0m Checking prerequisites for Windows MSVC cross-compilation...
[0;34m[INFO][0m Checking prerequisites for Windows MSVC cross-compilation...
[0;34m[INFO][0m Using CMake version 3.28
[0;34m[INFO][0m Using CMake version 3.28
[0;32m[SUCCESS][0m All prerequisites satisfied!
[0;32m[SUCCESS][0m All prerequisites satisfied!
[0;34m[INFO][0m Creating Windows MSVC build directory...
[0;34m[INFO][0m Creating Windows MSVC build directory...
[0;32m[SUCCESS][0m Windows MSVC build directory created at /home/aguziczek/plugin_dev/VolumeControlPlugin/build_windows_msvc
[0;32m[SUCCESS][0m Windows MSVC build directory created at /home/aguziczek/plugin_dev/VolumeControlPlugin/build_windows_msvc
[0;34m[INFO][0m Running CMake to configure the Windows MSVC project...
[0;34m[INFO][0m Running CMake to configure the Windows MSVC project...
[0;34m[INFO][0m Cleaning previous build artifacts...
[0;34m[INFO][0m Cleaning previous build artifacts...
[0;34m[INFO][0m Running: cmake -DCMAKE_TOOLCHAIN_FILE=../msvc-toolchain.cmake -DCMAKE_BUILD_TYPE=Release -DJUCE_WINDOWS=TRUE -DJUCE_DIR=/home/aguziczek/plugin_dev/VolumeControlPlugin/../JUCE -DCMAKE_VERBOSE_MAKEFILE=ON -DCMAKE_TRY_COMPILE_TARGET_TYPE=STATIC_LIBRARY ..
[0;34m[INFO][0m Running: cmake -DCMAKE_TOOLCHAIN_FILE=../msvc-toolchain.cmake -DCMAKE_BUILD_TYPE=Release -DJUCE_WINDOWS=TRUE -DJUCE_DIR=/home/aguziczek/plugin_dev/VolumeControlPlugin/../JUCE -DCMAKE_VERBOSE_MAKEFILE=ON -DCMAKE_TRY_COMPILE_TARGET_TYPE=STATIC_LIBRARY ..
-- MSVC toolchain configured for Windows cross-compilation
-- C compiler: /mnt/c/Program Files (x86)/Microsoft Visual Studio/2019/Community/VC/Tools/MSVC/14.29.30133/bin/Hostx64/x64/cl.exe
-- CXX compiler: /mnt/c/Program Files (x86)/Microsoft Visual Studio/2019/Community/VC/Tools/MSVC/14.29.30133/bin/Hostx64/x64/cl.exe
-- WSL to Windows path conversion enabled
-- MSVC toolchain configured for Windows cross-compilation
-- C compiler: /mnt/c/Program Files (x86)/Microsoft Visual Studio/2019/Community/VC/Tools/MSVC/14.29.30133/bin/Hostx64/x64/cl.exe
-- CXX compiler: /mnt/c/Program Files (x86)/Microsoft Visual Studio/2019/Community/VC/Tools/MSVC/14.29.30133/bin/Hostx64/x64/cl.exe
-- WSL to Windows path conversion enabled
-- The C compiler identification is MSVC 19.29.30148.0
-- The CXX compiler identification is MSVC 19.29.30148.0
-- Detecting C compiler ABI info
-- Detecting C compiler ABI info - failed
-- Detecting C compile features
-- Detecting C compile features - done
-- Detecting CXX compiler ABI info
-- Detecting CXX compiler ABI info - failed
-- Detecting CXX compile features
-- Detecting CXX compile features - done
-- Found PkgConfig: /usr/bin/pkg-config (found version "1.8.1") 
-- Checking for module 'gtk+-3.0'
--   Found gtk+-3.0, version 3.24.41
-- Checking for module 'webkit2gtk-4.1'
--   Found webkit2gtk-4.1, version 2.48.1
-- Checking for module 'libcurl'
--   Found libcurl, version 8.5.0
-- Configuring juceaide
-- Building juceaide
-- Exporting juceaide
-- Testing juceaide
-- Finished setting up juceaide
CMake Error at /home/aguziczek/plugin_dev/JUCE/extras/Build/CMake/JUCEUtils.cmake:1207 (message):
  Unsupported target architecture for VST3: x64
Call Stack (most recent call first):
  /home/aguziczek/plugin_dev/JUCE/extras/Build/CMake/JUCEUtils.cmake:1452 (_juce_set_plugin_target_properties)
  /home/aguziczek/plugin_dev/JUCE/extras/Build/CMake/JUCEUtils.cmake:1589 (_juce_link_plugin_wrapper)
  /home/aguziczek/plugin_dev/JUCE/extras/Build/CMake/JUCEUtils.cmake:2182 (_juce_configure_plugin_targets)
  CMakeLists.txt:44 (juce_add_plugin)


-- Configuring incomplete, errors occurred!
[0;31m[ERROR][0m CMake configuration failed.
[0;31m[ERROR][0m CMake configuration failed.
